<?xml version="1.0" encoding="UTF-8"?>
<testsuite name="org.gradle.demo.HelloServletTest" tests="2" skipped="0" failures="0" errors="0" timestamp="2017-10-24T04:13:18" hostname="CNhbao.local" time="1.03">
  <properties/>
  <testcase name="doPostWithoutName" classname="org.gradle.demo.HelloServletTest" time="1.028"/>
  <testcase name="doPostWithName" classname="org.gradle.demo.HelloServletTest" time="0.001"/>
  <system-out><![CDATA[]]></system-out>
  <system-err><![CDATA[]]></system-err>
</testsuite>
